<?xml version="1.0" encoding="UTF-8"?>
<testsuite xmlns:xsi="http://www.w3.org/2001/XMLSchema-instance" xsi:noNamespaceSchemaLocation="https://maven.apache.org/surefire/maven-surefire-plugin/xsd/surefire-test-report-3.0.xsd" version="3.0" name="com.amazon.amazon_poc.RunCucumberTest" time="96.245" tests="8" errors="1" skipped="0" failures="0">
  <properties>
[...]
</properties>
  <testcase name="Example #1" classname="Examples" time="19.775">
    <error message="no such element: Unable to locate element: {&quot;method&quot;:&quot;css selector&quot;,&quot;selector&quot;:&quot;#ap_password&quot;}&#10;  (Session info: chrome=105.0.5195.102)&#10;For documentation on this error, please visit: https://selenium.dev/exceptions/#no_such_element&#10;Build info: version: &apos;4.4.0&apos;, revision: &apos;e5c75ed026a&apos;&#10;System info: host: &apos;thulasinathans-MacBook-Air.local&apos;, ip: &apos;fe80:0:0:0:1857:65f7:b453:afdb%en0&apos;, os.name: &apos;Mac OS X&apos;, os.arch: &apos;x86_64&apos;, os.version: &apos;10.15.6&apos;, java.version: &apos;1.8.0_191&apos;&#10;Driver info: org.openqa.selenium.chrome.ChromeDriver&#10;Command: [b3bcda78edbe46b43ba95c83550761e9, findElement {using=id, value=ap_password}]&#10;Capabilities {acceptInsecureCerts: false, browserName: chrome, browserVersion: 105.0.5195.102, chrome: {chromedriverVersion: 105.0.5195.52 (412c95e51883..., userDataDir: /var/folders/lg/g23p_0yn081...}, goog:chromeOptions: {debuggerAddress: localhost:55179}, networkConnectionEnabled: false, pageLoadStrategy: normal, platformName: MAC, proxy: Proxy(), se:cdp: ws://localhost:55179/devtoo..., se:cdpVersion: 105.0.5195.102, setWindowRect: true, strictFileInteractability: false, timeouts: {implicit: 0, pageLoad: 300000, script: 30000}, unhandledPromptBehavior: dismiss and notify, webauthn:extension:credBlob: true, webauthn:extension:largeBlob: true, webauthn:virtualAuthenticators: true}&#10;Session ID: b3bcda78edbe46b43ba95c83550761e9" type="org.openqa.selenium.NoSuchElementException"><![CDATA[org.openqa.selenium.NoSuchElementException: 
no such element: Unable to locate element: {"method":"css selector","selector":"#ap_password"}
  (Session info: chrome=105.0.5195.102)
For documentation on this error, please visit: https://selenium.dev/exceptions/#no_such_element
Build info: version: '4.4.0', revision: 'e5c75ed026a'
System info: host: 'thulasinathans-MacBook-Air.local', ip: 'fe80:0:0:0:1857:65f7:b453:afdb%en0', os.name: 'Mac OS X', os.arch: 'x86_64', os.version: '10.15.6', java.version: '1.8.0_191'
Driver info: org.openqa.selenium.chrome.ChromeDriver
Command: [b3bcda78edbe46b43ba95c83550761e9, findElement {using=id, value=ap_password}]
Capabilities {acceptInsecureCerts: false, browserName: chrome, browserVersion: 105.0.5195.102, chrome: {chromedriverVersion: 105.0.5195.52 (412c95e51883..., userDataDir: /var/folders/lg/g23p_0yn081...}, goog:chromeOptions: {debuggerAddress: localhost:55179}, networkConnectionEnabled: false, pageLoadStrategy: normal, platformName: MAC, proxy: Proxy(), se:cdp: ws://localhost:55179/devtoo..., se:cdpVersion: 105.0.5195.102, setWindowRect: true, strictFileInteractability: false, timeouts: {implicit: 0, pageLoad: 300000, script: 30000}, unhandledPromptBehavior: dismiss and notify, webauthn:extension:credBlob: true, webauthn:extension:largeBlob: true, webauthn:virtualAuthenticators: true}
Session ID: b3bcda78edbe46b43ba95c83550761e9
	at sun.reflect.NativeConstructorAccessorImpl.newInstance0(Native Method)
	at sun.reflect.NativeConstructorAccessorImpl.newInstance(NativeConstructorAccessorImpl.java:62)
	at sun.reflect.DelegatingConstructorAccessorImpl.newInstance(DelegatingConstructorAccessorImpl.java:45)
	at java.lang.reflect.Constructor.newInstance(Constructor.java:423)
	at org.openqa.selenium.remote.codec.w3c.W3CHttpResponseCodec.createException(W3CHttpResponseCodec.java:200)
	at org.openqa.selenium.remote.codec.w3c.W3CHttpResponseCodec.decode(W3CHttpResponseCodec.java:133)
	at org.openqa.selenium.remote.codec.w3c.W3CHttpResponseCodec.decode(W3CHttpResponseCodec.java:53)
	at org.openqa.selenium.remote.HttpCommandExecutor.execute(HttpCommandExecutor.java:184)
	at org.openqa.selenium.remote.service.DriverCommandExecutor.invokeExecute(DriverCommandExecutor.java:167)
	at org.openqa.selenium.remote.service.DriverCommandExecutor.execute(DriverCommandExecutor.java:142)
	at org.openqa.selenium.remote.RemoteWebDriver.execute(RemoteWebDriver.java:547)
	at org.openqa.selenium.remote.ElementLocation$ElementFinder$2.findElement(ElementLocation.java:162)
	at org.openqa.selenium.remote.ElementLocation.findElement(ElementLocation.java:60)
	at org.openqa.selenium.remote.RemoteWebDriver.findElement(RemoteWebDriver.java:365)
	at org.openqa.selenium.remote.RemoteWebDriver.findElement(RemoteWebDriver.java:357)
	at org.openqa.selenium.support.pagefactory.DefaultElementLocator.findElement(DefaultElementLocator.java:70)
	at org.openqa.selenium.support.pagefactory.internal.LocatingElementHandler.invoke(LocatingElementHandler.java:39)
	at com.sun.proxy.$Proxy26.clear(Unknown Source)
	at pom.LoginPage.passwordCred(LoginPage.java:60)
	at com.amazon.amazon_poc.StepDefinitions.enterPassword(StepDefinitions.java:101)
	at ✽.User enter ""(classpath:com/amazon/amazon_poc/amazon-login-validation.feature:27)
]]></error>
    <system-out><![CDATA[
@amazonTest @login @positiveLogin
Scenario Outline: verifying the login functionality with different credentials &amp#27;[90m# com/amazon/amazon_poc/amazon-login-validation.feature:32&amp#27;[0m
  &amp#27;[32mGiven &amp#27;[0m&amp#27;[32mUser on amazon home page&amp#27;[0m                                               &amp#27;[90m# com.amazon.amazon_poc.StepDefinitions.homePage()&amp#27;[0m
  &amp#27;[32mWhen &amp#27;[0m&amp#27;[32mUser click on sign in link from home page&amp#27;[0m                               &amp#27;[90m# com.amazon.amazon_poc.StepDefinitions.signInLink()&amp#27;[0m
  &amp#27;[32mAnd &amp#27;[0m&amp#27;[32mUser enter &amp#27;[0m&amp#27;[32m&amp#27;[1m""&amp#27;[0m&amp#27;[32m and click continue button&amp#27;[0m                                  &amp#27;[90m# com.amazon.amazon_poc.StepDefinitions.enterUsername(java.lang.String)&amp#27;[0m
  &amp#27;[31mAnd &amp#27;[0m&amp#27;[31mUser enter &amp#27;[0m&amp#27;[31m&amp#27;[1m""&amp#27;[0m                                                            &amp#27;[90m# com.amazon.amazon_poc.StepDefinitions.enterPassword(java.lang.String)&amp#27;[0m
      &amp#27;[31morg.openqa.selenium.NoSuchElementException: no such element: Unable to locate element: {"method":"css selector","selector":"#ap_password"}
  (Session info: chrome=105.0.5195.102)
For documentation on this error, please visit: https://selenium.dev/exceptions/#no_such_element
Build info: version: '4.4.0', revision: 'e5c75ed026a'
System info: host: 'thulasinathans-MacBook-Air.local', ip: 'fe80:0:0:0:1857:65f7:b453:afdb%en0', os.name: 'Mac OS X', os.arch: 'x86_64', os.version: '10.15.6', java.version: '1.8.0_191'
Driver info: org.openqa.selenium.chrome.ChromeDriver
Command: [b3bcda78edbe46b43ba95c83550761e9, findElement {using=id, value=ap_password}]
Capabilities {acceptInsecureCerts: false, browserName: chrome, browserVersion: 105.0.5195.102, chrome: {chromedriverVersion: 105.0.5195.52 (412c95e51883..., userDataDir: /var/folders/lg/g23p_0yn081...}, goog:chromeOptions: {debuggerAddress: localhost:55179}, networkConnectionEnabled: false, pageLoadStrategy: normal, platformName: MAC, proxy: Proxy(), se:cdp: ws://localhost:55179/devtoo..., se:cdpVersion: 105.0.5195.102, setWindowRect: true, strictFileInteractability: false, timeouts: {implicit: 0, pageLoad: 300000, script: 30000}, unhandledPromptBehavior: dismiss and notify, webauthn:extension:credBlob: true, webauthn:extension:largeBlob: true, webauthn:virtualAuthenticators: true}
Session ID: b3bcda78edbe46b43ba95c83550761e9
	at sun.reflect.NativeConstructorAccessorImpl.newInstance0(Native Method)
	at sun.reflect.NativeConstructorAccessorImpl.newInstance(NativeConstructorAccessorImpl.java:62)
	at sun.reflect.DelegatingConstructorAccessorImpl.newInstance(DelegatingConstructorAccessorImpl.java:45)
	at java.lang.reflect.Constructor.newInstance(Constructor.java:423)
	at org.openqa.selenium.remote.codec.w3c.W3CHttpResponseCodec.createException(W3CHttpResponseCodec.java:200)
	at org.openqa.selenium.remote.codec.w3c.W3CHttpResponseCodec.decode(W3CHttpResponseCodec.java:133)
	at org.openqa.selenium.remote.codec.w3c.W3CHttpResponseCodec.decode(W3CHttpResponseCodec.java:53)
	at org.openqa.selenium.remote.HttpCommandExecutor.execute(HttpCommandExecutor.java:184)
	at org.openqa.selenium.remote.service.DriverCommandExecutor.invokeExecute(DriverCommandExecutor.java:167)
	at org.openqa.selenium.remote.service.DriverCommandExecutor.execute(DriverCommandExecutor.java:142)
	at org.openqa.selenium.remote.RemoteWebDriver.execute(RemoteWebDriver.java:547)
	at org.openqa.selenium.remote.ElementLocation$ElementFinder$2.findElement(ElementLocation.java:162)
	at org.openqa.selenium.remote.ElementLocation.findElement(ElementLocation.java:60)
	at org.openqa.selenium.remote.RemoteWebDriver.findElement(RemoteWebDriver.java:365)
	at org.openqa.selenium.remote.RemoteWebDriver.findElement(RemoteWebDriver.java:357)
	at org.openqa.selenium.support.pagefactory.DefaultElementLocator.findElement(DefaultElementLocator.java:70)
	at org.openqa.selenium.support.pagefactory.internal.LocatingElementHandler.invoke(LocatingElementHandler.java:39)
	at com.sun.proxy.$Proxy26.clear(Unknown Source)
	at pom.LoginPage.passwordCred(LoginPage.java:60)
	at com.amazon.amazon_poc.StepDefinitions.enterPassword(StepDefinitions.java:101)
	at ✽.User enter ""(classpath:com/amazon/amazon_poc/amazon-login-validation.feature:27)
&amp#27;[0m
]]></system-out>
    <system-err><![CDATA[SLF4J: Failed to load class "org.slf4j.impl.StaticLoggerBinder".
SLF4J: Defaulting to no-operation (NOP) logger implementation
SLF4J: See http://www.slf4j.org/codes.html#StaticLoggerBinder for further details.
Starting ChromeDriver 105.0.5195.52 (412c95e518836d8a7d97250d62b29c2ae6a26a85-refs/branch-heads/5195@{#853}) on port 54888
Only local connections are allowed.
Please see https://chromedriver.chromium.org/security-considerations for suggestions on keeping ChromeDriver safe.
ChromeDriver was started successfully.
Sep 11, 2022 1:28:11 PM org.openqa.selenium.remote.ProtocolHandshake createSession
INFO: Detected upstream dialect: W3C
Sep 11, 2022 1:28:11 PM org.openqa.selenium.devtools.CdpVersionFinder findNearestMatch
WARNING: Unable to find an exact match for CDP version 105, so returning the closest version found: 104
Sep 11, 2022 1:28:11 PM org.openqa.selenium.devtools.CdpVersionFinder findNearestMatch
INFO: Found CDP implementation for version 105 of 104
]]></system-err>
  </testcase>
  <testcase name="Example #1" classname="Examples" time="11.696">
    <system-out><![CDATA[
@amazonTest @login @negativeLogin
Scenario Outline: verifying the login functionality with different invalid credentials                                                      &amp#27;[90m# com/amazon/amazon_poc/amazon-login-validation.feature:43&amp#27;[0m
  &amp#27;[32mGiven &amp#27;[0m&amp#27;[32mUser on amazon home page&amp#27;[0m                                                                                                            &amp#27;[90m# com.amazon.amazon_poc.StepDefinitions.homePage()&amp#27;[0m
  &amp#27;[32mWhen &amp#27;[0m&amp#27;[32mUser click on sign in link from home page&amp#27;[0m                                                                                            &amp#27;[90m# com.amazon.amazon_poc.StepDefinitions.signInLink()&amp#27;[0m
  &amp#27;[32mAnd &amp#27;[0m&amp#27;[32mUser enter &amp#27;[0m&amp#27;[32m&amp#27;[1m"aasjelkklkd"&amp#27;[0m&amp#27;[32m and click continue button&amp#27;[0m                                                                                    &amp#27;[90m# com.amazon.amazon_poc.StepDefinitions.enterUsername(java.lang.String)&amp#27;[0m
heading is There was a problem
  &amp#27;[32mThen &amp#27;[0m&amp#27;[32mUser verify the &amp#27;[0m&amp#27;[32m&amp#27;[1m"There was a problem"&amp#27;[0m&amp#27;[32m and &amp#27;[0m&amp#27;[32m&amp#27;[1m"We cannot find an account with that email address"&amp#27;[0m&amp#27;[32m message for &amp#27;[0m&amp#27;[32m&amp#27;[1m"invalidUsername"&amp#27;[0m&amp#27;[32m scenario&amp#27;[0m &amp#27;[90m# com.amazon.amazon_poc.StepDefinitions.verifyErrorMessage(java.lang.String,java.lang.String,java.lang.String)&amp#27;[0m
]]></system-out>
    <system-err><![CDATA[Starting ChromeDriver 105.0.5195.52 (412c95e518836d8a7d97250d62b29c2ae6a26a85-refs/branch-heads/5195@{#853}) on port 51254
Only local connections are allowed.
Please see https://chromedriver.chromium.org/security-considerations for suggestions on keeping ChromeDriver safe.
ChromeDriver was started successfully.
Sep 11, 2022 1:28:23 PM org.openqa.selenium.remote.ProtocolHandshake createSession
INFO: Detected upstream dialect: W3C
Sep 11, 2022 1:28:23 PM org.openqa.selenium.devtools.CdpVersionFinder findNearestMatch
WARNING: Unable to find an exact match for CDP version 105, so returning the closest version found: 104
Sep 11, 2022 1:28:23 PM org.openqa.selenium.devtools.CdpVersionFinder findNearestMatch
INFO: Found CDP implementation for version 105 of 104
]]></system-err>
  </testcase>
  <testcase name="Example #1" classname="Examples" time="10.514">
    <system-out><![CDATA[
@amazonTest @navigation
Scenario Outline: Navigating to different pages and modules  &amp#27;[90m# com/amazon/amazon_poc/amazon-navigation-validation.feature:30&amp#27;[0m
  &amp#27;[32mGiven &amp#27;[0m&amp#27;[32mUser on amazon home page&amp#27;[0m                             &amp#27;[90m# com.amazon.amazon_poc.StepDefinitions.homePage()&amp#27;[0m
  &amp#27;[32mWhen &amp#27;[0m&amp#27;[32mUser click on &amp#27;[0m&amp#27;[32m&amp#27;[1m"createWishList"&amp#27;[0m                        &amp#27;[90m# com.amazon.amazon_poc.StepDefinitions.navigationModule(java.lang.String)&amp#27;[0m
  &amp#27;[32mThen &amp#27;[0m&amp#27;[32mUser validate the page title displayed as &amp#27;[0m&amp#27;[32m&amp#27;[1m"Wish List"&amp#27;[0m &amp#27;[90m# com.amazon.amazon_poc.StepDefinitions.titleValidation(java.lang.String)&amp#27;[0m
]]></system-out>
    <system-err><![CDATA[Starting ChromeDriver 105.0.5195.52 (412c95e518836d8a7d97250d62b29c2ae6a26a85-refs/branch-heads/5195@{#853}) on port 55699
Only local connections are allowed.
Please see https://chromedriver.chromium.org/security-considerations for suggestions on keeping ChromeDriver safe.
ChromeDriver was started successfully.
Sep 11, 2022 1:28:57 PM org.openqa.selenium.remote.ProtocolHandshake createSession
INFO: Detected upstream dialect: W3C
Sep 11, 2022 1:28:57 PM org.openqa.selenium.devtools.CdpVersionFinder findNearestMatch
WARNING: Unable to find an exact match for CDP version 105, so returning the closest version found: 104
Sep 11, 2022 1:28:57 PM org.openqa.selenium.devtools.CdpVersionFinder findNearestMatch
INFO: Found CDP implementation for version 105 of 104
]]></system-err>
  </testcase>
  <testcase name="Example #1" classname="Examples" time="9.201">
    <system-out><![CDATA[
@amazonTest @urlValidation @titleValidation
Scenario Outline: URL and page title validation                                                                                                      &amp#27;[90m# com/amazon/amazon_poc/amazon-url-title-validation.feature:30&amp#27;[0m
  &amp#27;[32mWhen &amp#27;[0m&amp#27;[32mUser enter the url as &amp#27;[0m&amp#27;[32m&amp#27;[1m"http://amzn.in"&amp#27;[0m                                                                                                        &amp#27;[90m# com.amazon.amazon_poc.StepDefinitions.redirectTo(java.lang.String)&amp#27;[0m
  &amp#27;[32mThen &amp#27;[0m&amp#27;[32mUser validate that URL is redirected to &amp#27;[0m&amp#27;[32m&amp#27;[1m"https://www.amazon.in/"&amp#27;[0m                                                                              &amp#27;[90m# com.amazon.amazon_poc.StepDefinitions.urlValidation(java.lang.String)&amp#27;[0m
  &amp#27;[32mAnd &amp#27;[0m&amp#27;[32mUser validate the page title displayed as &amp#27;[0m&amp#27;[32m&amp#27;[1m"Online Shopping site in India: Shop Online for Mobiles, Books, Watches, Shoes and More - Amazon.in"&amp#27;[0m &amp#27;[90m# com.amazon.amazon_poc.StepDefinitions.titleValidation(java.lang.String)&amp#27;[0m
]]></system-out>
    <system-err><![CDATA[Starting ChromeDriver 105.0.5195.52 (412c95e518836d8a7d97250d62b29c2ae6a26a85-refs/branch-heads/5195@{#853}) on port 53539
Only local connections are allowed.
Please see https://chromedriver.chromium.org/security-considerations for suggestions on keeping ChromeDriver safe.
ChromeDriver was started successfully.
Sep 11, 2022 1:29:28 PM org.openqa.selenium.remote.ProtocolHandshake createSession
INFO: Detected upstream dialect: W3C
Sep 11, 2022 1:29:28 PM org.openqa.selenium.devtools.CdpVersionFinder findNearestMatch
WARNING: Unable to find an exact match for CDP version 105, so returning the closest version found: 104
Sep 11, 2022 1:29:28 PM org.openqa.selenium.devtools.CdpVersionFinder findNearestMatch
INFO: Found CDP implementation for version 105 of 104
]]></system-err>
  </testcase>
  <testcase name="Example #2" classname="Examples" time="10.434">
    <system-out><![CDATA[
@amazonTest @login @negativeLogin
Scenario Outline: verifying the login functionality with different invalid credentials                       &amp#27;[90m# com/amazon/amazon_poc/amazon-login-validation.feature:44&amp#27;[0m
  &amp#27;[32mGiven &amp#27;[0m&amp#27;[32mUser on amazon home page&amp#27;[0m                                                                             &amp#27;[90m# com.amazon.amazon_poc.StepDefinitions.homePage()&amp#27;[0m
  &amp#27;[32mWhen &amp#27;[0m&amp#27;[32mUser click on sign in link from home page&amp#27;[0m                                                             &amp#27;[90m# com.amazon.amazon_poc.StepDefinitions.signInLink()&amp#27;[0m
  &amp#27;[32mAnd &amp#27;[0m&amp#27;[32mUser enter &amp#27;[0m&amp#27;[32m&amp#27;[1m""&amp#27;[0m&amp#27;[32m and click continue button&amp#27;[0m                                                                &amp#27;[90m# com.amazon.amazon_poc.StepDefinitions.enterUsername(java.lang.String)&amp#27;[0m
heading is 
  &amp#27;[32mThen &amp#27;[0m&amp#27;[32mUser verify the &amp#27;[0m&amp#27;[32m&amp#27;[1m""&amp#27;[0m&amp#27;[32m and &amp#27;[0m&amp#27;[32m&amp#27;[1m"Enter your email or mobile phone number"&amp#27;[0m&amp#27;[32m message for &amp#27;[0m&amp#27;[32m&amp#27;[1m"blankUsername"&amp#27;[0m&amp#27;[32m scenario&amp#27;[0m &amp#27;[90m# com.amazon.amazon_poc.StepDefinitions.verifyErrorMessage(java.lang.String,java.lang.String,java.lang.String)&amp#27;[0m
]]></system-out>
    <system-err><![CDATA[Starting ChromeDriver 105.0.5195.52 (412c95e518836d8a7d97250d62b29c2ae6a26a85-refs/branch-heads/5195@{#853}) on port 53760
Only local connections are allowed.
Please see https://chromedriver.chromium.org/security-considerations for suggestions on keeping ChromeDriver safe.
ChromeDriver was started successfully.
Sep 11, 2022 1:28:35 PM org.openqa.selenium.remote.ProtocolHandshake createSession
INFO: Detected upstream dialect: W3C
Sep 11, 2022 1:28:35 PM org.openqa.selenium.devtools.CdpVersionFinder findNearestMatch
WARNING: Unable to find an exact match for CDP version 105, so returning the closest version found: 104
Sep 11, 2022 1:28:35 PM org.openqa.selenium.devtools.CdpVersionFinder findNearestMatch
INFO: Found CDP implementation for version 105 of 104
]]></system-err>
  </testcase>
  <testcase name="Example #2" classname="Examples" time="10.205">
    <system-out><![CDATA[
@amazonTest @navigation
Scenario Outline: Navigating to different pages and modules   &amp#27;[90m# com/amazon/amazon_poc/amazon-navigation-validation.feature:31&amp#27;[0m
  &amp#27;[32mGiven &amp#27;[0m&amp#27;[32mUser on amazon home page&amp#27;[0m                              &amp#27;[90m# com.amazon.amazon_poc.StepDefinitions.homePage()&amp#27;[0m
  &amp#27;[32mWhen &amp#27;[0m&amp#27;[32mUser click on &amp#27;[0m&amp#27;[32m&amp#27;[1m"amazonPay"&amp#27;[0m                              &amp#27;[90m# com.amazon.amazon_poc.StepDefinitions.navigationModule(java.lang.String)&amp#27;[0m
  &amp#27;[32mThen &amp#27;[0m&amp#27;[32mUser validate the page title displayed as &amp#27;[0m&amp#27;[32m&amp#27;[1m"Amazon Pay"&amp#27;[0m &amp#27;[90m# com.amazon.amazon_poc.StepDefinitions.titleValidation(java.lang.String)&amp#27;[0m
]]></system-out>
    <system-err><![CDATA[Starting ChromeDriver 105.0.5195.52 (412c95e518836d8a7d97250d62b29c2ae6a26a85-refs/branch-heads/5195@{#853}) on port 50361
Only local connections are allowed.
Please see https://chromedriver.chromium.org/security-considerations for suggestions on keeping ChromeDriver safe.
ChromeDriver was started successfully.
Sep 11, 2022 1:29:07 PM org.openqa.selenium.remote.ProtocolHandshake createSession
INFO: Detected upstream dialect: W3C
Sep 11, 2022 1:29:07 PM org.openqa.selenium.devtools.CdpVersionFinder findNearestMatch
WARNING: Unable to find an exact match for CDP version 105, so returning the closest version found: 104
Sep 11, 2022 1:29:07 PM org.openqa.selenium.devtools.CdpVersionFinder findNearestMatch
INFO: Found CDP implementation for version 105 of 104
]]></system-err>
  </testcase>
  <testcase name="Example #3" classname="Examples" time="11.311">
    <system-out><![CDATA[
@amazonTest @login @negativeLogin
Scenario Outline: verifying the login functionality with different invalid credentials                                                             &amp#27;[90m# com/amazon/amazon_poc/amazon-login-validation.feature:45&amp#27;[0m
  &amp#27;[32mGiven &amp#27;[0m&amp#27;[32mUser on amazon home page&amp#27;[0m                                                                                                                   &amp#27;[90m# com.amazon.amazon_poc.StepDefinitions.homePage()&amp#27;[0m
  &amp#27;[32mWhen &amp#27;[0m&amp#27;[32mUser click on sign in link from home page&amp#27;[0m                                                                                                   &amp#27;[90m# com.amazon.amazon_poc.StepDefinitions.signInLink()&amp#27;[0m
  &amp#27;[32mAnd &amp#27;[0m&amp#27;[32mUser enter &amp#27;[0m&amp#27;[32m&amp#27;[1m"1237238728312"&amp#27;[0m&amp#27;[32m and click continue button&amp#27;[0m                                                                                         &amp#27;[90m# com.amazon.amazon_poc.StepDefinitions.enterUsername(java.lang.String)&amp#27;[0m
heading is Incorrect phone number
  &amp#27;[32mThen &amp#27;[0m&amp#27;[32mUser verify the &amp#27;[0m&amp#27;[32m&amp#27;[1m"Incorrect phone number"&amp#27;[0m&amp#27;[32m and &amp#27;[0m&amp#27;[32m&amp#27;[1m"We cannot find an account with that mobile number"&amp#27;[0m&amp#27;[32m message for &amp#27;[0m&amp#27;[32m&amp#27;[1m"invalidMobileNumber"&amp#27;[0m&amp#27;[32m scenario&amp#27;[0m &amp#27;[90m# com.amazon.amazon_poc.StepDefinitions.verifyErrorMessage(java.lang.String,java.lang.String,java.lang.String)&amp#27;[0m
]]></system-out>
    <system-err><![CDATA[Starting ChromeDriver 105.0.5195.52 (412c95e518836d8a7d97250d62b29c2ae6a26a85-refs/branch-heads/5195@{#853}) on port 62714
Only local connections are allowed.
Please see https://chromedriver.chromium.org/security-considerations for suggestions on keeping ChromeDriver safe.
ChromeDriver was started successfully.
Sep 11, 2022 1:28:45 PM org.openqa.selenium.remote.ProtocolHandshake createSession
INFO: Detected upstream dialect: W3C
Sep 11, 2022 1:28:45 PM org.openqa.selenium.devtools.CdpVersionFinder findNearestMatch
WARNING: Unable to find an exact match for CDP version 105, so returning the closest version found: 104
Sep 11, 2022 1:28:45 PM org.openqa.selenium.devtools.CdpVersionFinder findNearestMatch
INFO: Found CDP implementation for version 105 of 104
]]></system-err>
  </testcase>
  <testcase name="Example #3" classname="Examples" time="11.359">
    <system-out><![CDATA[
@amazonTest @navigation
Scenario Outline: Navigating to different pages and modules                                                                      &amp#27;[90m# com/amazon/amazon_poc/amazon-navigation-validation.feature:32&amp#27;[0m
  &amp#27;[32mGiven &amp#27;[0m&amp#27;[32mUser on amazon home page&amp#27;[0m                                                                                                 &amp#27;[90m# com.amazon.amazon_poc.StepDefinitions.homePage()&amp#27;[0m
  &amp#27;[32mWhen &amp#27;[0m&amp#27;[32mUser click on &amp#27;[0m&amp#27;[32m&amp#27;[1m"newRelease"&amp#27;[0m                                                                                                &amp#27;[90m# com.amazon.amazon_poc.StepDefinitions.navigationModule(java.lang.String)&amp#27;[0m
  &amp#27;[32mThen &amp#27;[0m&amp#27;[32mUser validate the page title displayed as &amp#27;[0m&amp#27;[32m&amp#27;[1m"Amazon.in Hot New Releases: The bestselling new and future releases on Amazon"&amp#27;[0m &amp#27;[90m# com.amazon.amazon_poc.StepDefinitions.titleValidation(java.lang.String)&amp#27;[0m
]]></system-out>
    <system-err><![CDATA[Starting ChromeDriver 105.0.5195.52 (412c95e518836d8a7d97250d62b29c2ae6a26a85-refs/branch-heads/5195@{#853}) on port 53499
Only local connections are allowed.
Please see https://chromedriver.chromium.org/security-considerations for suggestions on keeping ChromeDriver safe.
ChromeDriver was started successfully.
Sep 11, 2022 1:29:17 PM org.openqa.selenium.remote.ProtocolHandshake createSession
INFO: Detected upstream dialect: W3C
Sep 11, 2022 1:29:17 PM org.openqa.selenium.devtools.CdpVersionFinder findNearestMatch
WARNING: Unable to find an exact match for CDP version 105, so returning the closest version found: 104
Sep 11, 2022 1:29:17 PM org.openqa.selenium.devtools.CdpVersionFinder findNearestMatch
INFO: Found CDP implementation for version 105 of 104
]]></system-err>
  </testcase>
</testsuite>